# JRE version: OpenJDK Runtime Environment (8.0_152-b01) (build 1.8.0_152-release-1248-b01)
# Java VM: OpenJDK 64-Bit Server VM (25.152-b01 mixed mode linux-amd64 compressed oops)
Heap:
 PSYoungGen      total 350208K, used 5003K [0x00000000e0000000, 0x00000000f8480000, 0x0000000100000000)
  eden space 321536K, 0% used [0x00000000e0000000,0x00000000e0000000,0x00000000f3a00000)
  from space 28672K, 17% used [0x00000000f6880000,0x00000000f6d62db0,0x00000000f8480000)
  to   space 29696K, 0% used [0x00000000f3a00000,0x00000000f3a00000,0x00000000f5700000)
 ParOldGen       total 80384K, used 37132K [0x00000000a0000000, 0x00000000a4e80000, 0x00000000e0000000)
  object space 80384K, 46% used [0x00000000a0000000,0x00000000a24433d0,0x00000000a4e80000)
 Metaspace       used 90469K, capacity 93376K, committed 94616K, reserved 1130496K
  class space    used 11726K, capacity 12370K, committed 12720K, reserved 1048576K
GC Heap History (10 events):
Event: 3022.685 GC heap after
Heap after GC invocations=15 (full 3):
 PSYoungGen      total 239616K, used 15582K [0x00000000e0000000, 0x00000000f0a00000, 0x0000000100000000)
  eden space 223744K, 0% used [0x00000000e0000000,0x00000000e0000000,0x00000000eda80000)
  from space 15872K, 98% used [0x00000000efa80000,0x00000000f09b7af0,0x00000000f0a00000)
  to   space 23552K, 0% used [0x00000000edc00000,0x00000000edc00000,0x00000000ef300000)
 ParOldGen       total 80384K, used 32318K [0x00000000a0000000, 0x00000000a4e80000, 0x00000000e0000000)
  object space 80384K, 40% used [0x00000000a0000000,0x00000000a1f8fa18,0x00000000a4e80000)
 Metaspace       used 72233K, capacity 74133K, committed 74392K, reserved 1114112K
  class space    used 9366K, capacity 9869K, committed 9904K, reserved 1048576K
}
Event: 3205.835 GC heap before
{Heap before GC invocations=16 (full 3):
 PSYoungGen      total 239616K, used 238807K [0x00000000e0000000, 0x00000000f0a00000, 0x0000000100000000)
  eden space 223744K, 99% used [0x00000000e0000000,0x00000000ed9fe1a8,0x00000000eda80000)
  from space 15872K, 98% used [0x00000000efa80000,0x00000000f09b7af0,0x00000000f0a00000)
  to   space 23552K, 0% used [0x00000000edc00000,0x00000000edc00000,0x00000000ef300000)
 ParOldGen       total 80384K, used 32318K [0x00000000a0000000, 0x00000000a4e80000, 0x00000000e0000000)
  object space 80384K, 40% used [0x00000000a0000000,0x00000000a1f8fa18,0x00000000a4e80000)
 Metaspace       used 79114K, capacity 81275K, committed 81432K, reserved 1120256K
  class space    used 10206K, capacity 10715K, committed 10800K, reserved 1048576K
Event: 3221.569 GC heap after
Heap after GC invocations=16 (full 3):
 PSYoungGen      total 248832K, used 21084K [0x00000000e0000000, 0x00000000f7100000, 0x0000000100000000)
  eden space 225280K, 0% used [0x00000000e0000000,0x00000000e0000000,0x00000000edc00000)
  from space 23552K, 89% used [0x00000000edc00000,0x00000000ef097368,0x00000000ef300000)
  to   space 26624K, 0% used [0x00000000f5700000,0x00000000f5700000,0x00000000f7100000)
 ParOldGen       total 80384K, used 32326K [0x00000000a0000000, 0x00000000a4e80000, 0x00000000e0000000)
  object space 80384K, 40% used [0x00000000a0000000,0x00000000a1f91a18,0x00000000a4e80000)
 Metaspace       used 79114K, capacity 81275K, committed 81432K, reserved 1120256K
  class space    used 10206K, capacity 10715K, committed 10800K, reserved 1048576K
}
Event: 3285.904 GC heap before
{Heap before GC invocations=17 (full 3):
 PSYoungGen      total 248832K, used 246364K [0x00000000e0000000, 0x00000000f7100000, 0x0000000100000000)
  eden space 225280K, 100% used [0x00000000e0000000,0x00000000edc00000,0x00000000edc00000)
  from space 23552K, 89% used [0x00000000edc00000,0x00000000ef097368,0x00000000ef300000)
  to   space 26624K, 0% used [0x00000000f5700000,0x00000000f5700000,0x00000000f7100000)
 ParOldGen       total 80384K, used 32326K [0x00000000a0000000, 0x00000000a4e80000, 0x00000000e0000000)
  object space 80384K, 40% used [0x00000000a0000000,0x00000000a1f91a18,0x00000000a4e80000)
 Metaspace       used 86861K, capacity 90099K, committed 90264K, reserved 1128448K
  class space    used 11252K, capacity 11909K, committed 11952K, reserved 1048576K
Event: 3293.823 GC heap after
Heap after GC invocations=17 (full 3):
 PSYoungGen      total 348160K, used 24811K [0x00000000e0000000, 0x00000000f8680000, 0x0000000100000000)
  eden space 321536K, 0% used [0x00000000e0000000,0x00000000e0000000,0x00000000f3a00000)
  from space 26624K, 93% used [0x00000000f5700000,0x00000000f6f3af70,0x00000000f7100000)
  to   space 29696K, 0% used [0x00000000f3a00000,0x00000000f3a00000,0x00000000f5700000)
 ParOldGen       total 80384K, used 32334K [0x00000000a0000000, 0x00000000a4e80000, 0x00000000e0000000)
  object space 80384K, 40% used [0x00000000a0000000,0x00000000a1f93a18,0x00000000a4e80000)
 Metaspace       used 86861K, capacity 90099K, committed 90264K, reserved 1128448K
  class space    used 11252K, capacity 11909K, committed 11952K, reserved 1048576K
}
Event: 3701.814 GC heap before
{Heap before GC invocations=18 (full 3):
 PSYoungGen      total 348160K, used 173253K [0x00000000e0000000, 0x00000000f8680000, 0x0000000100000000)
  eden space 321536K, 46% used [0x00000000e0000000,0x00000000e90f6530,0x00000000f3a00000)
  from space 26624K, 93% used [0x00000000f5700000,0x00000000f6f3af70,0x00000000f7100000)
  to   space 29696K, 0% used [0x00000000f3a00000,0x00000000f3a00000,0x00000000f5700000)
 ParOldGen       total 80384K, used 32334K [0x00000000a0000000, 0x00000000a4e80000, 0x00000000e0000000)
  object space 80384K, 40% used [0x00000000a0000000,0x00000000a1f93a18,0x00000000a4e80000)
 Metaspace       used 90614K, capacity 94249K, committed 94360K, reserved 1130496K
  class space    used 11866K, capacity 12614K, committed 12720K, reserved 1048576K
Event: 3705.925 GC heap after
Heap after GC invocations=18 (full 3):
 PSYoungGen      total 351232K, used 9692K [0x00000000e0000000, 0x00000000f8480000, 0x0000000100000000)
  eden space 321536K, 0% used [0x00000000e0000000,0x00000000e0000000,0x00000000f3a00000)
  from space 29696K, 32% used [0x00000000f3a00000,0x00000000f43772c8,0x00000000f5700000)
  to   space 28672K, 0% used [0x00000000f6880000,0x00000000f6880000,0x00000000f8480000)
 ParOldGen       total 80384K, used 40231K [0x00000000a0000000, 0x00000000a4e80000, 0x00000000e0000000)
  object space 80384K, 50% used [0x00000000a0000000,0x00000000a2749df8,0x00000000a4e80000)
 Metaspace       used 90614K, capacity 94249K, committed 94360K, reserved 1130496K
  class space    used 11866K, capacity 12614K, committed 12720K, reserved 1048576K
}
Event: 3705.925 GC heap before
{Heap before GC invocations=19 (full 4):
 PSYoungGen      total 351232K, used 9692K [0x00000000e0000000, 0x00000000f8480000, 0x0000000100000000)
  eden space 321536K, 0% used [0x00000000e0000000,0x00000000e0000000,0x00000000f3a00000)
  from space 29696K, 32% used [0x00000000f3a00000,0x00000000f43772c8,0x00000000f5700000)
  to   space 28672K, 0% used [0x00000000f6880000,0x00000000f6880000,0x00000000f8480000)
 ParOldGen       total 80384K, used 40231K [0x00000000a0000000, 0x00000000a4e80000, 0x00000000e0000000)
  object space 80384K, 50% used [0x00000000a0000000,0x00000000a2749df8,0x00000000a4e80000)
 Metaspace       used 90614K, capacity 94249K, committed 94360K, reserved 1130496K
  class space    used 11866K, capacity 12614K, committed 12720K, reserved 1048576K
Event: 3785.747 GC heap after
Heap after GC invocations=19 (full 4):
 PSYoungGen      total 351232K, used 0K [0x00000000e0000000, 0x00000000f8480000, 0x0000000100000000)
  eden space 321536K, 0% used [0x00000000e0000000,0x00000000e0000000,0x00000000f3a00000)
  from space 29696K, 0% used [0x00000000f3a00000,0x00000000f3a00000,0x00000000f5700000)
  to   space 28672K, 0% used [0x00000000f6880000,0x00000000f6880000,0x00000000f8480000)
 ParOldGen       total 80384K, used 37124K [0x00000000a0000000, 0x00000000a4e80000, 0x00000000e0000000)
  object space 80384K, 46% used [0x00000000a0000000,0x00000000a24413d0,0x00000000a4e80000)
 Metaspace       used 90155K, capacity 93097K, committed 94360K, reserved 1130496K
  class space    used 11720K, capacity 12358K, committed 12720K, reserved 1048576K
}
Event: 4002.337 GC heap before
{Heap before GC invocations=20 (full 4):
 PSYoungGen      total 351232K, used 320883K [0x00000000e0000000, 0x00000000f8480000, 0x0000000100000000)
  eden space 321536K, 99% used [0x00000000e0000000,0x00000000f395cfd8,0x00000000f3a00000)
  from space 29696K, 0% used [0x00000000f3a00000,0x00000000f3a00000,0x00000000f5700000)
  to   space 28672K, 0% used [0x00000000f6880000,0x00000000f6880000,0x00000000f8480000)
 ParOldGen       total 80384K, used 37124K [0x00000000a0000000, 0x00000000a4e80000, 0x00000000e0000000)
  object space 80384K, 46% used [0x00000000a0000000,0x00000000a24413d0,0x00000000a4e80000)
 Metaspace       used 90469K, capacity 93376K, committed 94616K, reserved 1130496K
  class space    used 11726K, capacity 12370K, committed 12720K, reserved 1048576K

